SF:lib\routes\routes.dart
DA:5,6
DA:6,0
DA:7,1
DA:8,0
DA:9,0
DA:10,0
DA:11,0
LF:7
LH:2
end_of_record
SF:lib\components\selectors\choise_chips_component.dart
DA:8,1
DA:13,1
DA:14,1
DA:20,1
DA:22,1
DA:24,1
DA:26,1
DA:27,1
DA:29,5
DA:30,1
DA:32,4
DA:33,2
DA:38,0
DA:39,0
DA:40,0
LF:15
LH:12
end_of_record
SF:lib\components\navegation\button_component.dart
DA:9,1
DA:16,1
DA:18,1
DA:19,1
DA:20,1
DA:21,1
DA:22,1
DA:41,1
DA:43,3
DA:47,1
DA:48,1
DA:55,3
LF:12
LH:12
end_of_record
SF:lib\components\stadistics\stadistics_multiple_row_component.dart
DA:13,2
DA:19,1
DA:21,1
DA:24,1
DA:26,2
DA:35,1
DA:37,1
DA:38,1
DA:39,4
DA:40,1
DA:41,1
DA:42,1
DA:43,3
DA:44,0
DA:46,1
DA:47,1
DA:48,1
DA:49,1
DA:50,1
DA:51,1
DA:52,1
DA:54,1
DA:56,1
DA:57,1
DA:58,1
DA:60,3
DA:63,3
DA:64,1
DA:84,2
DA:86,1
DA:88,1
DA:101,2
DA:108,1
DA:114,1
DA:116,1
DA:118,1
DA:121,1
DA:122,1
DA:124,2
DA:127,1
DA:130,1
DA:131,1
DA:133,1
DA:135,2
DA:138,1
DA:140,1
DA:142,2
LF:47
LH:46
end_of_record
SF:lib\presentation\screens\navegation\navegation_screen.dart
DA:7,6
DA:15,6
DA:23,3
DA:31,3
DA:39,3
DA:41,2
DA:42,2
DA:50,2
DA:53,2
DA:54,2
DA:55,2
DA:56,2
DA:57,2
DA:59,2
DA:60,2
DA:61,1
DA:62,2
DA:63,1
DA:64,3
DA:65,3
DA:69,6
LF:21
LH:21
end_of_record
SF:lib\presentation\screens\news_screen.dart
DA:6,4
DA:8,1
LF:2
LH:2
end_of_record
SF:lib\presentation\screens\shop_screen.dart
DA:5,4
DA:7,1
LF:2
LH:2
end_of_record
SF:lib\presentation\screens\home_screen.dart
DA:6,4
DA:8,2
LF:2
LH:2
end_of_record
SF:lib\presentation\screens\player_screen.dart
DA:8,4
DA:10,1
DA:12,1
DA:13,1
DA:15,1
DA:20,1
DA:21,1
DA:23,0
LF:8
LH:7
end_of_record
SF:lib\presentation\screens\loading_screen.dart
DA:5,3
DA:7,1
LF:2
LH:2
end_of_record
SF:lib\presentation\views\home_view.dart
DA:4,2
DA:6,2
LF:2
LH:2
end_of_record
SF:lib\presentation\views\loading_view.dart
DA:7,2
DA:9,1
DA:11,2
DA:12,1
DA:13,1
DA:14,2
DA:15,1
DA:17,1
DA:21,1
DA:23,1
DA:34,2
DA:36,1
DA:81,2
DA:84,1
DA:87,1
DA:89,1
DA:90,1
DA:91,1
DA:93,2
DA:95,1
DA:97,2
LF:21
LH:21
end_of_record
SF:lib\presentation\views\news_views.dart
DA:5,2
DA:7,1
LF:2
LH:2
end_of_record
SF:lib\presentation\views\painters\left_waves_painter_view.dart
DA:8,4
DA:13,1
DA:15,1
DA:18,1
DA:19,2
DA:28,1
DA:31,1
DA:33,1
DA:34,1
DA:36,2
DA:37,1
DA:38,1
DA:41,5
DA:43,1
DA:44,4
DA:45,4
DA:48,1
DA:49,4
DA:50,4
DA:54,1
DA:55,4
DA:56,4
DA:59,1
DA:60,4
DA:61,4
DA:64,1
DA:65,1
DA:69,1
DA:73,0
LF:29
LH:28
end_of_record
SF:lib\presentation\views\player_view.dart
DA:7,2
DA:9,1
DA:12,1
DA:20,1
DA:22,2
DA:25,1
DA:27,1
DA:28,1
DA:31,1
DA:32,2
DA:34,2
DA:40,1
DA:85,2
DA:87,1
DA:106,2
DA:108,1
DA:119,1
DA:123,1
DA:125,1
DA:126,3
DA:127,3
DA:128,1
DA:129,1
DA:130,1
DA:132,3
DA:134,1
DA:135,3
DA:136,3
DA:138,1
DA:140,1
DA:142,3
DA:143,1
DA:146,1
DA:147,2
DA:148,2
DA:164,1
DA:170,1
DA:172,1
DA:173,3
DA:174,3
DA:175,1
DA:176,1
DA:183,1
DA:185,1
DA:186,2
DA:196,1
DA:202,1
DA:204,1
DA:205,1
DA:206,1
DA:216,1
DA:230,4
DA:245,1
DA:247,0
LF:54
LH:53
end_of_record
SF:lib\presentation\views\shop_view.dart
DA:4,2
DA:6,1
LF:2
LH:2
end_of_record
