SF:lib\presentation\screens\navegation\main_screen.dart
DA:7,3
DA:15,3
DA:23,0
DA:31,0
DA:39,1
DA:41,1
DA:42,1
DA:50,1
DA:53,1
DA:54,1
DA:55,1
DA:56,1
DA:57,1
DA:59,1
DA:60,1
DA:61,0
DA:62,0
DA:63,0
DA:64,0
DA:65,0
DA:69,3
LF:21
LH:14
end_of_record
SF:lib\components\navegation\button_component.dart
DA:9,1
DA:16,1
DA:18,1
DA:19,1
DA:20,1
DA:21,1
DA:22,1
DA:41,1
DA:43,3
DA:47,1
DA:48,1
DA:55,3
LF:12
LH:12
end_of_record
SF:lib\components\stadistics\stadistics_multiple_row_component.dart
DA:13,1
DA:19,0
DA:21,0
DA:24,0
DA:26,0
DA:35,0
DA:37,0
DA:38,0
DA:39,0
DA:40,0
DA:41,0
DA:42,0
DA:43,0
DA:44,0
DA:46,0
DA:47,0
DA:48,0
DA:49,0
DA:50,0
DA:51,0
DA:52,0
DA:54,0
DA:56,0
DA:57,0
DA:58,0
DA:60,0
DA:63,0
DA:64,0
DA:84,1
DA:86,0
DA:88,0
DA:101,1
DA:108,0
DA:114,0
DA:116,0
DA:118,0
DA:121,0
DA:122,0
DA:124,0
DA:127,0
DA:130,0
DA:131,0
DA:133,0
DA:135,0
DA:138,0
DA:140,0
DA:142,0
LF:47
LH:3
end_of_record
SF:lib\presentation\screens\news_screen.dart
DA:6,1
DA:8,0
LF:2
LH:1
end_of_record
SF:lib\presentation\screens\shop_screen.dart
DA:5,1
DA:7,0
LF:2
LH:1
end_of_record
SF:lib\presentation\screens\home_screen.dart
DA:6,1
DA:8,1
LF:2
LH:2
end_of_record
SF:lib\presentation\screens\player_screen.dart
DA:7,1
DA:9,0
DA:11,0
DA:12,0
DA:14,0
DA:19,0
DA:20,0
DA:22,0
LF:8
LH:1
end_of_record
SF:lib\presentation\screens\loading_screen.dart
DA:5,1
DA:7,1
LF:2
LH:2
end_of_record
SF:lib\presentation\views\home_view.dart
DA:4,1
DA:6,1
LF:2
LH:2
end_of_record
SF:lib\presentation\views\loading_view.dart
DA:7,1
DA:9,1
DA:11,2
DA:12,1
DA:13,1
DA:14,2
DA:15,1
DA:17,1
DA:21,1
DA:23,1
DA:34,1
DA:36,1
DA:81,1
DA:84,1
DA:87,1
DA:89,1
DA:90,1
DA:91,1
DA:93,2
DA:95,1
DA:97,2
LF:21
LH:21
end_of_record
SF:lib\presentation\views\news_views.dart
DA:4,1
DA:6,0
LF:2
LH:1
end_of_record
SF:lib\presentation\views\player_view.dart
DA:7,1
DA:9,0
DA:12,0
DA:20,0
DA:23,0
DA:25,0
DA:26,0
DA:29,0
DA:30,0
DA:32,0
DA:81,1
DA:83,0
DA:102,1
DA:104,0
DA:115,0
DA:119,0
DA:121,0
DA:122,0
DA:123,0
DA:124,0
DA:125,0
DA:126,0
DA:128,0
DA:130,0
DA:132,0
DA:134,0
DA:135,0
DA:138,0
DA:139,0
DA:140,0
DA:156,0
DA:162,0
DA:164,0
DA:165,0
DA:166,0
DA:167,0
DA:168,0
DA:175,0
DA:177,0
DA:178,0
DA:188,0
DA:194,0
DA:196,0
DA:197,0
DA:198,0
DA:208,0
DA:222,0
DA:237,0
DA:239,0
LF:49
LH:3
end_of_record
SF:lib\presentation\views\shop_view.dart
DA:4,1
DA:6,0
LF:2
LH:1
end_of_record
